Using pre-set license
Built from '2020.3/release' branch; Version is '2020.3.7f1 (dd97f2c94397) revision 14522354'; Using compiler version '192528614'; Build Type 'Release'
OS: 'Windows 10 Enterprise; OS build 18363.2094; Version 1909; 64bit' Language: 'en' Physical Memory: 32683 MB
BatchMode: 1, IsHumanControllingUs: 0, StartBugReporterOnCrash: 0, Is64bit: 1, IsPro: 0

 COMMAND LINE ARGUMENTS:
C:\Program Files\Unity\Editor\Unity.exe
-adb2
-batchMode
-noUpm
-name
AssetImportWorker0
-projectPath
C:/Users/Knillson/Documents/GitHub/Unity-Project-2/Week 6
-logFile
Logs/AssetImportWorker0.log
-srvPort
62189
Successfully changed project path to: C:/Users/Knillson/Documents/GitHub/Unity-Project-2/Week 6
C:/Users/Knillson/Documents/GitHub/Unity-Project-2/Week 6
Using Asset Import Pipeline V2.
Refreshing native plugins compatible for Editor in 24.78 ms, found 0 plugins.
Preloading 0 native plugins for Editor in 0.00 ms.
Initialize engine version: 2020.3.7f1 (dd97f2c94397)
[Subsystems] Discovering subsystems at path C:/Program Files/Unity/Editor/Data/Resources/UnitySubsystems
[Subsystems] Discovering subsystems at path C:/Users/Knillson/Documents/GitHub/Unity-Project-2/Week 6/Assets
GfxDevice: creating device client; threaded=0
Direct3D:
    Version:  Direct3D 11.0 [level 11.1]
    Renderer: NVIDIA GeForce GTX 980 (ID=0x13c0)
    Vendor:   
    VRAM:     4053 MB
    Driver:   26.21.14.3200
Initialize mono
Mono path[0] = 'C:/Program Files/Unity/Editor/Data/Managed'
Mono path[1] = 'C:/Program Files/Unity/Editor/Data/MonoBleedingEdge/lib/mono/unityjit'
Mono config path = 'C:/Program Files/Unity/Editor/Data/MonoBleedingEdge/etc'
Using monoOptions --debugger-agent=transport=dt_socket,embedding=1,server=y,suspend=n,address=127.0.0.1:56488
Begin MonoManager ReloadAssembly
Registering precompiled unity dll's ...
Register platform support module: C:/Program Files/Unity/Editor/Data/PlaybackEngines/WindowsStandaloneSupport/UnityEditor.WindowsStandalone.Extensions.dll
Registered in 0.001921 seconds.
Native extension for WindowsStandalone target not found
Refreshing native plugins compatible for Editor in 22.74 ms, found 0 plugins.
Preloading 0 native plugins for Editor in 0.00 ms.
Mono: successfully reloaded assembly
- Completed reload, in  1.172 seconds
Platform modules already initialized, skipping
Registering precompiled user dll's ...
Registered in 0.000848 seconds.
Begin MonoManager ReloadAssembly
Native extension for WindowsStandalone target not found
Refreshing native plugins compatible for Editor in 0.21 ms, found 0 plugins.
Preloading 0 native plugins for Editor in 0.00 ms.
Mono: successfully reloaded assembly
- Completed reload, in  0.811 seconds
Platform modules already initialized, skipping
========================================================================
Worker process is ready to serve import requests
Launched and connected shader compiler UnityShaderCompiler.exe after 0.09 seconds
Refreshing native plugins compatible for Editor in 0.21 ms, found 0 plugins.
Preloading 0 native plugins for Editor in 0.00 ms.
Unloading 1115 Unused Serialized files (Serialized files now loaded: 0)
System memory in use before: 57.0 MB.
System memory in use after: 57.1 MB.

Unloading 10 unused Assets to reduce memory usage. Loaded Objects now: 1557.
Total: 1.883000 ms (FindLiveObjects: 0.114800 ms CreateObjectMapping: 0.035700 ms MarkObjects: 1.624500 ms  DeleteObjects: 0.107000 ms)

========================================================================
Received Import Request.
  path: Assets
  artifactKey: Guid(00000000000000001000000000000000) Importer(815301076,1909f56bfc062723c751e8b465ee728b)
Start importing Assets using Guid(00000000000000001000000000000000) Importer(815301076,1909f56bfc062723c751e8b465ee728b)  -> (artifact id: '5f6a1853b736837ecfb0820a881449cb') in 0.005166 seconds
  Import took 0.007211 seconds .

========================================================================
Received Import Request.
  Time since last request: 2.437202 seconds.
  path: Assets/scripts
  artifactKey: Guid(273f2e906a9bba54fa34f725de0911d8) Importer(815301076,1909f56bfc062723c751e8b465ee728b)
Start importing Assets/scripts using Guid(273f2e906a9bba54fa34f725de0911d8) Importer(815301076,1909f56bfc062723c751e8b465ee728b)  -> (artifact id: '2033f58d8117020efba7f4fce9213f44') in 0.003345 seconds
  Import took 0.005570 seconds .

========================================================================
Received Import Request.
  Time since last request: 0.000564 seconds.
  path: Assets/scripts
  artifactKey: Guid(273f2e906a9bba54fa34f725de0911d8) Importer(815301076,1909f56bfc062723c751e8b465ee728b)
Start importing Assets/scripts using Guid(273f2e906a9bba54fa34f725de0911d8) Importer(815301076,1909f56bfc062723c751e8b465ee728b)  -> (artifact id: '2033f58d8117020efba7f4fce9213f44') in 0.003655 seconds
  Import took 0.006476 seconds .

========================================================================
Received Import Request.
  Time since last request: 18.715165 seconds.
  path: Assets/scripts/GameManager.cs
  artifactKey: Guid(c9c01c16d9dc5b54393a09865f3b3cda) Importer(815301076,1909f56bfc062723c751e8b465ee728b)
Start importing Assets/scripts/GameManager.cs using Guid(c9c01c16d9dc5b54393a09865f3b3cda) Importer(815301076,1909f56bfc062723c751e8b465ee728b)  -> (artifact id: '17cfa414ab0d02ce32939c1f2811e5fc') in 0.047095 seconds
  Import took 0.049757 seconds .

========================================================================
Received Prepare
Registering precompiled user dll's ...
Registered in 0.000821 seconds.
Begin MonoManager ReloadAssembly
Native extension for WindowsStandalone target not found
Refreshing native plugins compatible for Editor in 0.25 ms, found 0 plugins.
Preloading 0 native plugins for Editor in 0.00 ms.
Mono: successfully reloaded assembly
- Completed reload, in  0.837 seconds
Platform modules already initialized, skipping
Refreshing native plugins compatible for Editor in 0.19 ms, found 0 plugins.
Preloading 0 native plugins for Editor in 0.00 ms.
Unloading 1111 Unused Serialized files (Serialized files now loaded: 0)
System memory in use before: 57.0 MB.
System memory in use after: 57.1 MB.

Unloading 5 unused Assets to reduce memory usage. Loaded Objects now: 1561.
Total: 1.694900 ms (FindLiveObjects: 0.141400 ms CreateObjectMapping: 0.037700 ms MarkObjects: 1.422900 ms  DeleteObjects: 0.092000 ms)

========================================================================
Received Prepare
Registering precompiled user dll's ...
Registered in 0.001418 seconds.
Begin MonoManager ReloadAssembly
Native extension for WindowsStandalone target not found
Refreshing native plugins compatible for Editor in 0.18 ms, found 0 plugins.
Preloading 0 native plugins for Editor in 0.00 ms.
Mono: successfully reloaded assembly
- Completed reload, in  0.763 seconds
Platform modules already initialized, skipping
Refreshing native plugins compatible for Editor in 0.35 ms, found 0 plugins.
Preloading 0 native plugins for Editor in 0.00 ms.
Unloading 1111 Unused Serialized files (Serialized files now loaded: 0)
System memory in use before: 57.0 MB.
System memory in use after: 57.1 MB.

Unloading 5 unused Assets to reduce memory usage. Loaded Objects now: 1564.
Total: 1.914400 ms (FindLiveObjects: 0.128000 ms CreateObjectMapping: 0.035700 ms MarkObjects: 1.673600 ms  DeleteObjects: 0.075700 ms)

========================================================================
Received Import Request.
  Time since last request: 431.208835 seconds.
  path: Assets/scripts/GameManager.cs
  artifactKey: Guid(c9c01c16d9dc5b54393a09865f3b3cda) Importer(815301076,1909f56bfc062723c751e8b465ee728b)
Start importing Assets/scripts/GameManager.cs using Guid(c9c01c16d9dc5b54393a09865f3b3cda) Importer(815301076,1909f56bfc062723c751e8b465ee728b)  -> (artifact id: 'ab2cd24f0f667f7bdb1af5a392cf2e84') in 0.005028 seconds
  Import took 0.007180 seconds .

========================================================================
Received Import Request.
  Time since last request: 807.474448 seconds.
  path: Assets/scripts/GameManager.cs
  artifactKey: Guid(c9c01c16d9dc5b54393a09865f3b3cda) Importer(815301076,1909f56bfc062723c751e8b465ee728b)
Start importing Assets/scripts/GameManager.cs using Guid(c9c01c16d9dc5b54393a09865f3b3cda) Importer(815301076,1909f56bfc062723c751e8b465ee728b)  -> (artifact id: 'b8ee80bf7cf5d171558a8299af2c5922') in 0.004974 seconds
  Import took 0.008298 seconds .

========================================================================
Received Import Request.
  Time since last request: 0.041711 seconds.
  path: Assets/scripts/GameManager.cs
  artifactKey: Guid(c9c01c16d9dc5b54393a09865f3b3cda) Importer(815301076,1909f56bfc062723c751e8b465ee728b)
Start importing Assets/scripts/GameManager.cs using Guid(c9c01c16d9dc5b54393a09865f3b3cda) Importer(815301076,1909f56bfc062723c751e8b465ee728b)  -> (artifact id: 'b8ee80bf7cf5d171558a8299af2c5922') in 0.005519 seconds
  Import took 0.008740 seconds .

========================================================================
Received Import Request.
  Time since last request: 24.900102 seconds.
  path: Assets/scripts/TextBox.cs
  artifactKey: Guid(554975093d951d94db24722b062e6d1a) Importer(815301076,1909f56bfc062723c751e8b465ee728b)
Start importing Assets/scripts/TextBox.cs using Guid(554975093d951d94db24722b062e6d1a) Importer(815301076,1909f56bfc062723c751e8b465ee728b)  -> (artifact id: '25b5996bdf13506ea43491a412ea2474') in 0.004578 seconds
  Import took 0.006908 seconds .

========================================================================
Received Prepare
Registering precompiled user dll's ...
Registered in 0.001149 seconds.
Begin MonoManager ReloadAssembly
Native extension for WindowsStandalone target not found
Refreshing native plugins compatible for Editor in 0.28 ms, found 0 plugins.
Preloading 0 native plugins for Editor in 0.00 ms.
Mono: successfully reloaded assembly
- Completed reload, in  0.811 seconds
Platform modules already initialized, skipping
Refreshing native plugins compatible for Editor in 0.21 ms, found 0 plugins.
Preloading 0 native plugins for Editor in 0.00 ms.
Unloading 1112 Unused Serialized files (Serialized files now loaded: 0)
System memory in use before: 57.1 MB.
System memory in use after: 57.1 MB.

Unloading 5 unused Assets to reduce memory usage. Loaded Objects now: 1568.
Total: 1.829000 ms (FindLiveObjects: 0.119600 ms CreateObjectMapping: 0.035000 ms MarkObjects: 1.557000 ms  DeleteObjects: 0.116200 ms)

========================================================================
Received Import Request.
  Time since last request: 776.905050 seconds.
  path: Assets/scripts/TextBox.cs
  artifactKey: Guid(554975093d951d94db24722b062e6d1a) Importer(815301076,1909f56bfc062723c751e8b465ee728b)
Start importing Assets/scripts/TextBox.cs using Guid(554975093d951d94db24722b062e6d1a) Importer(815301076,1909f56bfc062723c751e8b465ee728b)  -> (artifact id: 'e0e57b1866ae12c35aacb0f1307d0aa5') in 0.007128 seconds
  Import took 0.009913 seconds .

========================================================================
Received Import Request.
  Time since last request: 0.034767 seconds.
  path: Assets/scripts/TextBox.cs
  artifactKey: Guid(554975093d951d94db24722b062e6d1a) Importer(815301076,1909f56bfc062723c751e8b465ee728b)
Start importing Assets/scripts/TextBox.cs using Guid(554975093d951d94db24722b062e6d1a) Importer(815301076,1909f56bfc062723c751e8b465ee728b)  -> (artifact id: 'e0e57b1866ae12c35aacb0f1307d0aa5') in 0.004056 seconds
  Import took 0.007125 seconds .

========================================================================
Received Import Request.
  Time since last request: 29.248253 seconds.
  path: Assets/scripts/TextBox.cs
  artifactKey: Guid(554975093d951d94db24722b062e6d1a) Importer(815301076,1909f56bfc062723c751e8b465ee728b)
Start importing Assets/scripts/TextBox.cs using Guid(554975093d951d94db24722b062e6d1a) Importer(815301076,1909f56bfc062723c751e8b465ee728b)  -> (artifact id: '4be4ec0acc85466b61134b3ecd69a5b2') in 0.004368 seconds
  Import took 0.007259 seconds .

========================================================================
Received Import Request.
  Time since last request: 385.972575 seconds.
  path: Assets/scripts/GameManager.cs
  artifactKey: Guid(c9c01c16d9dc5b54393a09865f3b3cda) Importer(815301076,1909f56bfc062723c751e8b465ee728b)
Start importing Assets/scripts/GameManager.cs using Guid(c9c01c16d9dc5b54393a09865f3b3cda) Importer(815301076,1909f56bfc062723c751e8b465ee728b)  -> (artifact id: '3a3462060c7b4c6a0d9853c52a694c6a') in 0.003346 seconds
  Import took 0.006342 seconds .

========================================================================
Received Prepare
Registering precompiled user dll's ...
Registered in 0.001072 seconds.
Begin MonoManager ReloadAssembly
Native extension for WindowsStandalone target not found
Refreshing native plugins compatible for Editor in 0.19 ms, found 0 plugins.
Preloading 0 native plugins for Editor in 0.00 ms.
Mono: successfully reloaded assembly
- Completed reload, in  0.823 seconds
Platform modules already initialized, skipping
Refreshing native plugins compatible for Editor in 0.19 ms, found 0 plugins.
Preloading 0 native plugins for Editor in 0.00 ms.
Unloading 1112 Unused Serialized files (Serialized files now loaded: 0)
System memory in use before: 57.1 MB.
System memory in use after: 57.1 MB.

Unloading 5 unused Assets to reduce memory usage. Loaded Objects now: 1571.
Total: 1.830400 ms (FindLiveObjects: 0.198600 ms CreateObjectMapping: 0.055000 ms MarkObjects: 1.486700 ms  DeleteObjects: 0.088400 ms)

========================================================================
Received Prepare
Registering precompiled user dll's ...
Registered in 0.000767 seconds.
Begin MonoManager ReloadAssembly
Native extension for WindowsStandalone target not found
Refreshing native plugins compatible for Editor in 0.24 ms, found 0 plugins.
Preloading 0 native plugins for Editor in 0.00 ms.
Mono: successfully reloaded assembly
- Completed reload, in  0.799 seconds
Platform modules already initialized, skipping
Refreshing native plugins compatible for Editor in 0.18 ms, found 0 plugins.
Preloading 0 native plugins for Editor in 0.00 ms.
Unloading 1112 Unused Serialized files (Serialized files now loaded: 0)
System memory in use before: 57.1 MB.
System memory in use after: 57.1 MB.

Unloading 5 unused Assets to reduce memory usage. Loaded Objects now: 1574.
Total: 1.844600 ms (FindLiveObjects: 0.160600 ms CreateObjectMapping: 0.042800 ms MarkObjects: 1.565400 ms  DeleteObjects: 0.074500 ms)

========================================================================
Received Prepare
Registering precompiled user dll's ...
Registered in 0.000815 seconds.
Begin MonoManager ReloadAssembly
Native extension for WindowsStandalone target not found
Refreshing native plugins compatible for Editor in 0.32 ms, found 0 plugins.
Preloading 0 native plugins for Editor in 0.00 ms.
Mono: successfully reloaded assembly
- Completed reload, in  0.809 seconds
Platform modules already initialized, skipping
Refreshing native plugins compatible for Editor in 0.40 ms, found 0 plugins.
Preloading 0 native plugins for Editor in 0.00 ms.
Unloading 1112 Unused Serialized files (Serialized files now loaded: 0)
System memory in use before: 57.1 MB.
System memory in use after: 57.1 MB.

Unloading 5 unused Assets to reduce memory usage. Loaded Objects now: 1577.
Total: 1.725900 ms (FindLiveObjects: 0.165800 ms CreateObjectMapping: 0.045300 ms MarkObjects: 1.420600 ms  DeleteObjects: 0.093000 ms)

========================================================================
Received Prepare
Registering precompiled user dll's ...
Registered in 0.000800 seconds.
Begin MonoManager ReloadAssembly
Native extension for WindowsStandalone target not found
Refreshing native plugins compatible for Editor in 0.21 ms, found 0 plugins.
Preloading 0 native plugins for Editor in 0.00 ms.
Mono: successfully reloaded assembly
- Completed reload, in  0.803 seconds
Platform modules already initialized, skipping
Refreshing native plugins compatible for Editor in 0.39 ms, found 0 plugins.
Preloading 0 native plugins for Editor in 0.00 ms.
Unloading 1112 Unused Serialized files (Serialized files now loaded: 0)
System memory in use before: 57.1 MB.
System memory in use after: 57.2 MB.

Unloading 5 unused Assets to reduce memory usage. Loaded Objects now: 1580.
Total: 1.736400 ms (FindLiveObjects: 0.116200 ms CreateObjectMapping: 0.030000 ms MarkObjects: 1.487600 ms  DeleteObjects: 0.101500 ms)

AssetImportWorkerClient::OnTransportError - code=2 error=End of file
