Using pre-set license
Built from '2020.3/release' branch; Version is '2020.3.7f1 (dd97f2c94397) revision 14522354'; Using compiler version '192528614'; Build Type 'Release'
OS: 'Windows 10 Enterprise; OS build 18363.2094; Version 1909; 64bit' Language: 'en' Physical Memory: 32683 MB
BatchMode: 1, IsHumanControllingUs: 0, StartBugReporterOnCrash: 0, Is64bit: 1, IsPro: 0

 COMMAND LINE ARGUMENTS:
C:\Program Files\Unity\Editor\Unity.exe
-adb2
-batchMode
-noUpm
-name
AssetImportWorker0
-projectPath
C:/Users/Knillson/Documents/GitHub/Unity-Project-2/Brief 2
-logFile
Logs/AssetImportWorker0.log
-srvPort
63543
Successfully changed project path to: C:/Users/Knillson/Documents/GitHub/Unity-Project-2/Brief 2
C:/Users/Knillson/Documents/GitHub/Unity-Project-2/Brief 2
Using Asset Import Pipeline V2.
Refreshing native plugins compatible for Editor in 22.87 ms, found 0 plugins.
Preloading 0 native plugins for Editor in 0.00 ms.
Initialize engine version: 2020.3.7f1 (dd97f2c94397)
[Subsystems] Discovering subsystems at path C:/Program Files/Unity/Editor/Data/Resources/UnitySubsystems
[Subsystems] Discovering subsystems at path C:/Users/Knillson/Documents/GitHub/Unity-Project-2/Brief 2/Assets
GfxDevice: creating device client; threaded=0
Direct3D:
    Version:  Direct3D 11.0 [level 11.1]
    Renderer: NVIDIA GeForce GTX 980 (ID=0x13c0)
    Vendor:   
    VRAM:     4053 MB
    Driver:   26.21.14.3200
Initialize mono
Mono path[0] = 'C:/Program Files/Unity/Editor/Data/Managed'
Mono path[1] = 'C:/Program Files/Unity/Editor/Data/MonoBleedingEdge/lib/mono/unityjit'
Mono config path = 'C:/Program Files/Unity/Editor/Data/MonoBleedingEdge/etc'
Using monoOptions --debugger-agent=transport=dt_socket,embedding=1,server=y,suspend=n,address=127.0.0.1:56368
Begin MonoManager ReloadAssembly
Registering precompiled unity dll's ...
Register platform support module: C:/Program Files/Unity/Editor/Data/PlaybackEngines/WindowsStandaloneSupport/UnityEditor.WindowsStandalone.Extensions.dll
Registered in 0.001886 seconds.
Native extension for WindowsStandalone target not found
Refreshing native plugins compatible for Editor in 23.60 ms, found 0 plugins.
Preloading 0 native plugins for Editor in 0.00 ms.
Mono: successfully reloaded assembly
- Completed reload, in  1.170 seconds
Platform modules already initialized, skipping
Registering precompiled user dll's ...
Registered in 0.000829 seconds.
Begin MonoManager ReloadAssembly
Native extension for WindowsStandalone target not found
Refreshing native plugins compatible for Editor in 0.18 ms, found 0 plugins.
Preloading 0 native plugins for Editor in 0.00 ms.
Mono: successfully reloaded assembly
- Completed reload, in  0.841 seconds
Platform modules already initialized, skipping
========================================================================
Worker process is ready to serve import requests
Launched and connected shader compiler UnityShaderCompiler.exe after 0.08 seconds
Refreshing native plugins compatible for Editor in 0.37 ms, found 0 plugins.
Preloading 0 native plugins for Editor in 0.00 ms.
Unloading 1115 Unused Serialized files (Serialized files now loaded: 0)
System memory in use before: 57.0 MB.
System memory in use after: 57.1 MB.

Unloading 10 unused Assets to reduce memory usage. Loaded Objects now: 1557.
Total: 2.037500 ms (FindLiveObjects: 0.199600 ms CreateObjectMapping: 0.032700 ms MarkObjects: 1.688900 ms  DeleteObjects: 0.115400 ms)

========================================================================
Received Import Request.
  path: Assets
  artifactKey: Guid(00000000000000001000000000000000) Importer(815301076,1909f56bfc062723c751e8b465ee728b)
Start importing Assets using Guid(00000000000000001000000000000000) Importer(815301076,1909f56bfc062723c751e8b465ee728b)  -> (artifact id: '5f6a1853b736837ecfb0820a881449cb') in 0.004854 seconds
  Import took 0.006868 seconds .

========================================================================
Received Import Request.
  Time since last request: 0.000463 seconds.
  path: Assets/Scenes
  artifactKey: Guid(d5e5bc79c5aaf61418c7ef703413b278) Importer(815301076,1909f56bfc062723c751e8b465ee728b)
Start importing Assets/Scenes using Guid(d5e5bc79c5aaf61418c7ef703413b278) Importer(815301076,1909f56bfc062723c751e8b465ee728b)  -> (artifact id: '7d6921f4ef6766a11ea9e31815515a12') in 0.003043 seconds
  Import took 0.005087 seconds .

========================================================================
Received Import Request.
  Time since last request: 8.578123 seconds.
  path: Assets/NewBehaviourScript.cs
  artifactKey: Guid(489c795b0b78f0443806b031086cca17) Importer(815301076,1909f56bfc062723c751e8b465ee728b)
Start importing Assets/NewBehaviourScript.cs using Guid(489c795b0b78f0443806b031086cca17) Importer(815301076,1909f56bfc062723c751e8b465ee728b)  -> (artifact id: '6bfee0c56f57cb44dc15e3d1732c2303') in 0.034861 seconds
  Import took 0.037617 seconds .

========================================================================
Received Prepare
Registering precompiled user dll's ...
Registered in 0.000768 seconds.
Begin MonoManager ReloadAssembly
Native extension for WindowsStandalone target not found
Refreshing native plugins compatible for Editor in 0.19 ms, found 0 plugins.
Preloading 0 native plugins for Editor in 0.00 ms.
Mono: successfully reloaded assembly
- Completed reload, in  0.761 seconds
Platform modules already initialized, skipping
Refreshing native plugins compatible for Editor in 0.30 ms, found 0 plugins.
Preloading 0 native plugins for Editor in 0.00 ms.
Unloading 1111 Unused Serialized files (Serialized files now loaded: 0)
System memory in use before: 57.0 MB.
System memory in use after: 57.1 MB.

Unloading 5 unused Assets to reduce memory usage. Loaded Objects now: 1561.
Total: 1.812800 ms (FindLiveObjects: 0.149900 ms CreateObjectMapping: 0.034000 ms MarkObjects: 1.508900 ms  DeleteObjects: 0.106600 ms)

========================================================================
Received Prepare
Registering precompiled user dll's ...
Registered in 0.000795 seconds.
Begin MonoManager ReloadAssembly
Native extension for WindowsStandalone target not found
Refreshing native plugins compatible for Editor in 0.19 ms, found 0 plugins.
Preloading 0 native plugins for Editor in 0.00 ms.
Mono: successfully reloaded assembly
- Completed reload, in  0.761 seconds
Platform modules already initialized, skipping
Refreshing native plugins compatible for Editor in 0.29 ms, found 0 plugins.
Preloading 0 native plugins for Editor in 0.00 ms.
Unloading 1110 Unused Serialized files (Serialized files now loaded: 0)
System memory in use before: 57.0 MB.
System memory in use after: 57.1 MB.

Unloading 6 unused Assets to reduce memory usage. Loaded Objects now: 1563.
Total: 1.617200 ms (FindLiveObjects: 0.128600 ms CreateObjectMapping: 0.030800 ms MarkObjects: 1.359500 ms  DeleteObjects: 0.097600 ms)

========================================================================
Received Import Request.
  Time since last request: 14.041596 seconds.
  path: Assets/Scripts
  artifactKey: Guid(b4dbd717b7fc2ba4984a0a3602bb43e6) Importer(815301076,1909f56bfc062723c751e8b465ee728b)
Start importing Assets/Scripts using Guid(b4dbd717b7fc2ba4984a0a3602bb43e6) Importer(815301076,1909f56bfc062723c751e8b465ee728b)  -> (artifact id: '26a01122c31cfc79cdfa2a6dd89ef2c7') in 0.005820 seconds
  Import took 0.008578 seconds .

========================================================================
Received Import Request.
  Time since last request: 10.683981 seconds.
  path: Assets/Scripts/TeamManager.cs
  artifactKey: Guid(a68eb5524c5a42043beabb5abc7fef59) Importer(815301076,1909f56bfc062723c751e8b465ee728b)
Start importing Assets/Scripts/TeamManager.cs using Guid(a68eb5524c5a42043beabb5abc7fef59) Importer(815301076,1909f56bfc062723c751e8b465ee728b)  -> (artifact id: '053e0a157c01dcfab5853b68c982f9c5') in 0.004263 seconds
  Import took 0.007855 seconds .

========================================================================
Received Prepare
Registering precompiled user dll's ...
Registered in 0.000768 seconds.
Begin MonoManager ReloadAssembly
Native extension for WindowsStandalone target not found
Refreshing native plugins compatible for Editor in 0.19 ms, found 0 plugins.
Preloading 0 native plugins for Editor in 0.00 ms.
Mono: successfully reloaded assembly
- Completed reload, in  0.752 seconds
Platform modules already initialized, skipping
Refreshing native plugins compatible for Editor in 0.27 ms, found 0 plugins.
Preloading 0 native plugins for Editor in 0.00 ms.
Unloading 1111 Unused Serialized files (Serialized files now loaded: 0)
System memory in use before: 57.0 MB.
System memory in use after: 57.1 MB.

Unloading 5 unused Assets to reduce memory usage. Loaded Objects now: 1567.
Total: 1.724300 ms (FindLiveObjects: 0.270600 ms CreateObjectMapping: 0.090400 ms MarkObjects: 1.300400 ms  DeleteObjects: 0.059900 ms)

========================================================================
Received Import Request.
  Time since last request: 12.446773 seconds.
  path: Assets/Scripts/BattleManager.cs
  artifactKey: Guid(d18723f2f89dec446874219364bfef31) Importer(815301076,1909f56bfc062723c751e8b465ee728b)
Start importing Assets/Scripts/BattleManager.cs using Guid(d18723f2f89dec446874219364bfef31) Importer(815301076,1909f56bfc062723c751e8b465ee728b)  -> (artifact id: '78363f9c5d2a6bab0be99212861a47f1') in 0.005008 seconds
  Import took 0.007214 seconds .

========================================================================
Received Import Request.
  Time since last request: 0.000615 seconds.
  path: Assets/Scripts/BattleManager.cs
  artifactKey: Guid(d18723f2f89dec446874219364bfef31) Importer(815301076,1909f56bfc062723c751e8b465ee728b)
Start importing Assets/Scripts/BattleManager.cs using Guid(d18723f2f89dec446874219364bfef31) Importer(815301076,1909f56bfc062723c751e8b465ee728b)  -> (artifact id: '78363f9c5d2a6bab0be99212861a47f1') in 0.003532 seconds
  Import took 0.006385 seconds .

========================================================================
Received Prepare
Registering precompiled user dll's ...
Registered in 0.000773 seconds.
Begin MonoManager ReloadAssembly
Native extension for WindowsStandalone target not found
Refreshing native plugins compatible for Editor in 0.29 ms, found 0 plugins.
Preloading 0 native plugins for Editor in 0.00 ms.
Mono: successfully reloaded assembly
- Completed reload, in  0.772 seconds
Platform modules already initialized, skipping
Refreshing native plugins compatible for Editor in 0.34 ms, found 0 plugins.
Preloading 0 native plugins for Editor in 0.00 ms.
Unloading 1112 Unused Serialized files (Serialized files now loaded: 0)
System memory in use before: 57.0 MB.
System memory in use after: 57.1 MB.

Unloading 5 unused Assets to reduce memory usage. Loaded Objects now: 1571.
Total: 1.749200 ms (FindLiveObjects: 0.174300 ms CreateObjectMapping: 0.037500 ms MarkObjects: 1.470700 ms  DeleteObjects: 0.065500 ms)

========================================================================
Received Prepare
Registering precompiled user dll's ...
Registered in 0.000938 seconds.
Begin MonoManager ReloadAssembly
Native extension for WindowsStandalone target not found
Refreshing native plugins compatible for Editor in 0.19 ms, found 0 plugins.
Preloading 0 native plugins for Editor in 0.00 ms.
Mono: successfully reloaded assembly
- Completed reload, in  0.833 seconds
Platform modules already initialized, skipping
Refreshing native plugins compatible for Editor in 0.33 ms, found 0 plugins.
Preloading 0 native plugins for Editor in 0.00 ms.
Unloading 1112 Unused Serialized files (Serialized files now loaded: 0)
System memory in use before: 57.1 MB.
System memory in use after: 57.1 MB.

Unloading 5 unused Assets to reduce memory usage. Loaded Objects now: 1574.
Total: 1.858600 ms (FindLiveObjects: 0.215600 ms CreateObjectMapping: 0.063000 ms MarkObjects: 1.488400 ms  DeleteObjects: 0.089800 ms)

AssetImportWorkerClient::OnTransportError - code=2 error=End of file
