Using pre-set license
Built from '2021.1/staging' branch; Version is '2021.1.6f1 (c0fade0cc7e9) revision 12647134'; Using compiler version '192528614'; Build Type 'Release'
OS: 'Windows 10 Enterprise; OS build 18363.2094; Version 1909; 64bit' Language: 'en' Physical Memory: 32683 MB
BatchMode: 1, IsHumanControllingUs: 0, StartBugReporterOnCrash: 0, Is64bit: 1, IsPro: 0

 COMMAND LINE ARGUMENTS:
C:\Program Files\Unity 2021.1.6f1\Editor\Unity.exe
-adb2
-batchMode
-noUpm
-name
AssetImportWorker0
-projectPath
C:/Users/Knillson/Documents/GitHub/Unity-Project-2
-logFile
Logs/AssetImportWorker0.log
-srvPort
62096
Successfully changed project path to: C:/Users/Knillson/Documents/GitHub/Unity-Project-2
C:/Users/Knillson/Documents/GitHub/Unity-Project-2
Using Asset Import Pipeline V2.
Refreshing native plugins compatible for Editor in 112.24 ms, found 1 plugins.
Preloading 0 native plugins for Editor in 0.00 ms.
Initialize engine version: 2021.1.6f1 (c0fade0cc7e9)
[Subsystems] Discovering subsystems at path C:/Program Files/Unity 2021.1.6f1/Editor/Data/Resources/UnitySubsystems
[Subsystems] Discovering subsystems at path C:/Users/Knillson/Documents/GitHub/Unity-Project-2/Assets
GfxDevice: creating device client; threaded=0; jobified=0
Direct3D:
    Version:  Direct3D 11.0 [level 11.1]
    Renderer: NVIDIA GeForce GTX 980 (ID=0x13c0)
    Vendor:   NVIDIA
    VRAM:     4053 MB
    Driver:   26.21.14.3200
Initialize mono
Mono path[0] = 'C:/Program Files/Unity 2021.1.6f1/Editor/Data/Managed'
Mono path[1] = 'C:/Program Files/Unity 2021.1.6f1/Editor/Data/MonoBleedingEdge/lib/mono/unityjit'
Mono config path = 'C:/Program Files/Unity 2021.1.6f1/Editor/Data/MonoBleedingEdge/etc'
Using monoOptions --debugger-agent=transport=dt_socket,embedding=1,server=y,suspend=n,address=127.0.0.1:56684
Begin MonoManager ReloadAssembly
Registering precompiled unity dll's ...
Register platform support module: C:/Program Files/Unity 2021.1.6f1/Editor/Data/PlaybackEngines/WindowsStandaloneSupport/UnityEditor.WindowsStandalone.Extensions.dll
Registered in 0.002566 seconds.
Native extension for WindowsStandalone target not found
Refreshing native plugins compatible for Editor in 113.24 ms, found 1 plugins.
Preloading 0 native plugins for Editor in 0.00 ms.
Mono: successfully reloaded assembly
- Completed reload, in  2.267 seconds
Platform modules already initialized, skipping
Registering precompiled user dll's ...
Registered in 0.004880 seconds.
Begin MonoManager ReloadAssembly
Native extension for WindowsStandalone target not found
Refreshing native plugins compatible for Editor in 0.50 ms, found 1 plugins.
Preloading 0 native plugins for Editor in 0.00 ms.
Mono: successfully reloaded assembly
- Completed reload, in  1.352 seconds
Platform modules already initialized, skipping
========================================================================
Worker process is ready to serve import requests
Launched and connected shader compiler UnityShaderCompiler.exe after 0.09 seconds
Refreshing native plugins compatible for Editor in 0.73 ms, found 1 plugins.
Preloading 0 native plugins for Editor in 0.00 ms.
Unloading 2669 Unused Serialized files (Serialized files now loaded: 0)
System memory in use before: 98.1 MB.
System memory in use after: 98.3 MB.

Unloading 14 unused Assets to reduce memory usage. Loaded Objects now: 3122.
Total: 3.440100 ms (FindLiveObjects: 0.358800 ms CreateObjectMapping: 0.206600 ms MarkObjects: 2.778800 ms  DeleteObjects: 0.093900 ms)

========================================================================
Received Import Request.
  path: Assets/Scenes
  artifactKey: Guid(fa1b2f89a134ec841b2687fceb67d2ab) Importer(815301076,1909f56bfc062723c751e8b465ee728b)
Start importing Assets/Scenes using Guid(fa1b2f89a134ec841b2687fceb67d2ab) Importer(815301076,1909f56bfc062723c751e8b465ee728b)  -> (artifact id: '6128f41a3f18051dbc705009b65f0135') in 0.008552 seconds 
========================================================================
Received Import Request.
  Time since last request: 0.000160 seconds.
  path: Assets/Prefabs
  artifactKey: Guid(47ee3dfb971123f448f8273119129eec) Importer(815301076,1909f56bfc062723c751e8b465ee728b)
Start importing Assets/Prefabs using Guid(47ee3dfb971123f448f8273119129eec) Importer(815301076,1909f56bfc062723c751e8b465ee728b)  -> (artifact id: 'd15279fc9d549eb9caca93ad5d2538a8') in 0.003873 seconds 
========================================================================
Received Import Request.
  Time since last request: 0.054619 seconds.
  path: Assets/Prefabs/Character.prefab
  artifactKey: Guid(a1062b8463ac5eb4e9371d176c9ddb4d) Importer(815301076,1909f56bfc062723c751e8b465ee728b)
Start importing Assets/Prefabs/Character.prefab using Guid(a1062b8463ac5eb4e9371d176c9ddb4d) Importer(815301076,1909f56bfc062723c751e8b465ee728b)  -> (artifact id: '5761c4962a0a2c48485ba8ec82a698e0') in 0.429017 seconds 
========================================================================
Received Import Request.
  Time since last request: 5.276370 seconds.
  path: Assets/Scene 3
  artifactKey: Guid(1787062140b2b904b93d066e1e7c2d3b) Importer(815301076,1909f56bfc062723c751e8b465ee728b)
Start importing Assets/Scene 3 using Guid(1787062140b2b904b93d066e1e7c2d3b) Importer(815301076,1909f56bfc062723c751e8b465ee728b)  -> (artifact id: 'c7800e572def583d65c497eca1607da7') in 0.003819 seconds 
========================================================================
Received Import Request.
  Time since last request: 2.546413 seconds.
  path: Assets/Object Spawner
  artifactKey: Guid(a49783a27c3174240ae37a7bc2f3f428) Importer(815301076,1909f56bfc062723c751e8b465ee728b)
Start importing Assets/Object Spawner using Guid(a49783a27c3174240ae37a7bc2f3f428) Importer(815301076,1909f56bfc062723c751e8b465ee728b)  -> (artifact id: '156744354f70d113509a86dee04abb28') in 0.003384 seconds 
AssetImportWorkerClient::OnTransportError - code=2 error=End of file
