Using pre-set license
Built from '2020.3/release' branch; Version is '2020.3.27f1 (e759542391ea) revision 15161684'; Using compiler version '192528614'; Build Type 'Release'
OS: 'Windows 10  (10.0.19044) 64bit Professional' Language: 'en' Physical Memory: 16276 MB
BatchMode: 1, IsHumanControllingUs: 0, StartBugReporterOnCrash: 0, Is64bit: 1, IsPro: 0

COMMAND LINE ARGUMENTS:
C:\Users\Korey\Documents\Editor\Unity.exe
-adb2
-batchMode
-noUpm
-name
AssetImportWorker0
-projectPath
C:/Users/Korey/Documents/Unity-Project-2/Week 5
-logFile
Logs/AssetImportWorker0.log
-srvPort
52016
Successfully changed project path to: C:/Users/Korey/Documents/Unity-Project-2/Week 5
C:/Users/Korey/Documents/Unity-Project-2/Week 5
Using Asset Import Pipeline V2.
Refreshing native plugins compatible for Editor in 75.04 ms, found 2 plugins.
Preloading 0 native plugins for Editor in 0.00 ms.
Initialize engine version: 2020.3.27f1 (e759542391ea)
[Subsystems] Discovering subsystems at path C:/Users/Korey/Documents/Editor/Data/Resources/UnitySubsystems
[Subsystems] Discovering subsystems at path C:/Users/Korey/Documents/Unity-Project-2/Week 5/Assets
GfxDevice: creating device client; threaded=0
Direct3D:
    Version:  Direct3D 11.0 [level 11.1]
    Renderer: NVIDIA GeForce RTX 2060 SUPER (ID=0x1f06)
    Vendor:   
    VRAM:     8031 MB
    Driver:   30.0.15.1165
Initialize mono
Mono path[0] = 'C:/Users/Korey/Documents/Editor/Data/Managed'
Mono path[1] = 'C:/Users/Korey/Documents/Editor/Data/MonoBleedingEdge/lib/mono/unityjit'
Mono config path = 'C:/Users/Korey/Documents/Editor/Data/MonoBleedingEdge/etc'
Using monoOptions --debugger-agent=transport=dt_socket,embedding=1,server=y,suspend=n,address=127.0.0.1:56524
Begin MonoManager ReloadAssembly
Registering precompiled unity dll's ...
Register platform support module: C:/Users/Korey/Documents/Editor/Data/PlaybackEngines/WindowsStandaloneSupport/UnityEditor.WindowsStandalone.Extensions.dll
Registered in 0.001677 seconds.
Native extension for WindowsStandalone target not found
Refreshing native plugins compatible for Editor in 21.63 ms, found 2 plugins.
Preloading 0 native plugins for Editor in 0.00 ms.
Mono: successfully reloaded assembly
- Completed reload, in  0.548 seconds
Domain Reload Profiling:
	ReloadAssembly (548ms)
		BeginReloadAssembly (48ms)
			ExecutionOrderSort (0ms)
			DisableScriptedObjects (0ms)
			BackupInstance (0ms)
			ReleaseScriptingObjects (0ms)
			CreateAndSetChildDomain (1ms)
		EndReloadAssembly (379ms)
			LoadAssemblies (46ms)
			RebuildTransferFunctionScriptingTraits (0ms)
			SetupTypeCache (169ms)
			ReleaseScriptCaches (0ms)
			RebuildScriptCaches (19ms)
			SetupLoadedEditorAssemblies (118ms)
				LogAssemblyErrors (0ms)
				InitializePlatformSupportModulesInManaged (4ms)
				SetLoadedEditorAssemblies (0ms)
				RefreshPlugins (22ms)
				BeforeProcessingInitializeOnLoad (6ms)
				ProcessInitializeOnLoadAttributes (61ms)
				ProcessInitializeOnLoadMethodAttributes (25ms)
				AfterProcessingInitializeOnLoad (0ms)
				EditorAssembliesLoaded (0ms)
			ExecutionOrderSort2 (0ms)
			AwakeInstancesAfterBackupRestoration (0ms)
Platform modules already initialized, skipping
Registering precompiled user dll's ...
Registered in 0.081428 seconds.
Begin MonoManager ReloadAssembly
Native extension for WindowsStandalone target not found
Refreshing native plugins compatible for Editor in 0.40 ms, found 2 plugins.
Preloading 0 native plugins for Editor in 0.00 ms.
Mono: successfully reloaded assembly
- Completed reload, in  0.738 seconds
Domain Reload Profiling:
	ReloadAssembly (738ms)
		BeginReloadAssembly (108ms)
			ExecutionOrderSort (0ms)
			DisableScriptedObjects (3ms)
			BackupInstance (0ms)
			ReleaseScriptingObjects (0ms)
			CreateAndSetChildDomain (17ms)
		EndReloadAssembly (586ms)
			LoadAssemblies (69ms)
			RebuildTransferFunctionScriptingTraits (0ms)
			SetupTypeCache (184ms)
			ReleaseScriptCaches (0ms)
			RebuildScriptCaches (26ms)
			SetupLoadedEditorAssemblies (255ms)
				LogAssemblyErrors (0ms)
				InitializePlatformSupportModulesInManaged (3ms)
				SetLoadedEditorAssemblies (0ms)
				RefreshPlugins (0ms)
				BeforeProcessingInitializeOnLoad (43ms)
				ProcessInitializeOnLoadAttributes (195ms)
				ProcessInitializeOnLoadMethodAttributes (7ms)
				AfterProcessingInitializeOnLoad (5ms)
				EditorAssembliesLoaded (0ms)
			ExecutionOrderSort2 (0ms)
			AwakeInstancesAfterBackupRestoration (5ms)
Platform modules already initialized, skipping
========================================================================
Worker process is ready to serve import requests
Launched and connected shader compiler UnityShaderCompiler.exe after 0.06 seconds
Refreshing native plugins compatible for Editor in 0.40 ms, found 2 plugins.
Preloading 0 native plugins for Editor in 0.00 ms.
Unloading 1504 Unused Serialized files (Serialized files now loaded: 0)
System memory in use before: 67.5 MB.
System memory in use after: 67.6 MB.

Unloading 19 unused Assets to reduce memory usage. Loaded Objects now: 1936.
Total: 2.561500 ms (FindLiveObjects: 0.146900 ms CreateObjectMapping: 0.055800 ms MarkObjects: 2.300900 ms  DeleteObjects: 0.056900 ms)

AssetImportParameters requested are different than current active one (requested -> active):
  custom:framework-win-MediaFoundation: 216162199b28c13a410421893ffa2e32 -> 
  custom:video-decoder-ogg-theora: a1e56fd34408186e4bbccfd4996cb3dc -> 
  custom:container-muxer-webm: aa71ff27fc2769a1b78a27578f13a17b -> 
  custom:container-demuxer-webm: 4f35f7cbe854078d1ac9338744f61a02 -> 
  custom:container-demuxer-ogg: 62fdf1f143b41e24485cea50d1cbac27 -> 
  custom:video-encoder-webm-vp8: eb34c28f22e8b96e1ab97ce403110664 -> 
  custom:video-decoder-webm-vp8: 9c59270c3fd7afecdb556c50c9e8de78 -> 
  custom:audio-decoder-ogg-vorbis: bf7c407c2cedff20999df2af8eb42d56 -> 
  custom:audio-encoder-webm-vorbis: bf7c407c2cedff20999df2af8eb42d56 -> 
========================================================================
Received Import Request.
  path: Assets/Materials/New Material 1.mat
  artifactKey: Guid(da8b9a2fd7c904748a84a590aa7c6c96) Importer(815301076,1909f56bfc062723c751e8b465ee728b)
Start importing Assets/Materials/New Material 1.mat using Guid(da8b9a2fd7c904748a84a590aa7c6c96) Importer(815301076,1909f56bfc062723c751e8b465ee728b)  -> (artifact id: '8b8e89cfe59964afa4f33af1f37345df') in 0.098833 seconds 
  Import took 0.100968 seconds .

========================================================================
Received Import Request.
  Time since last request: 0.000165 seconds.
  path: Assets/prefabs
  artifactKey: Guid(5648dc423bbcafe4791b88204dea6a1c) Importer(815301076,1909f56bfc062723c751e8b465ee728b)
Start importing Assets/prefabs using Guid(5648dc423bbcafe4791b88204dea6a1c) Importer(815301076,1909f56bfc062723c751e8b465ee728b)  -> (artifact id: 'ff640ec76ed77422e4e6690fe9d2d356') in 0.005431 seconds 
  Import took 0.007336 seconds .

========================================================================
Received Import Request.
  Time since last request: 0.000164 seconds.
  path: Assets/prefabs/Cylinder.prefab
  artifactKey: Guid(cf508a573961077439074e7272d5334f) Importer(815301076,1909f56bfc062723c751e8b465ee728b)
Start importing Assets/prefabs/Cylinder.prefab using Guid(cf508a573961077439074e7272d5334f) Importer(815301076,1909f56bfc062723c751e8b465ee728b)  -> (artifact id: '987e4e1adda8d7c9970ba8ecd1804c3d') in 0.022312 seconds 
  Import took 0.024536 seconds .

========================================================================
Received Import Request.
  Time since last request: 0.000150 seconds.
  path: Assets/Materials
  artifactKey: Guid(6defcdc682daf4348a8534420b77696b) Importer(815301076,1909f56bfc062723c751e8b465ee728b)
Start importing Assets/Materials using Guid(6defcdc682daf4348a8534420b77696b) Importer(815301076,1909f56bfc062723c751e8b465ee728b)  -> (artifact id: 'bbf5053a73fdafb5954f26eee6b82143') in 0.004435 seconds 
  Import took 0.006333 seconds .

========================================================================
Received Import Request.
  Time since last request: 0.000354 seconds.
  path: Assets/Materials/New Material 3.mat
  artifactKey: Guid(f7cc7f2f56a903146bf705ff6f7420ce) Importer(815301076,1909f56bfc062723c751e8b465ee728b)
Start importing Assets/Materials/New Material 3.mat using Guid(f7cc7f2f56a903146bf705ff6f7420ce) Importer(815301076,1909f56bfc062723c751e8b465ee728b)  -> (artifact id: 'b5881e282f5bd02e648a590b4495e0a4') in 0.018794 seconds 
  Import took 0.021095 seconds .

========================================================================
Received Import Request.
  Time since last request: 0.000137 seconds.
  path: Assets/prefabs/Sphere.prefab
  artifactKey: Guid(fff035c6eb5d69849810cd4c8c8932c2) Importer(815301076,1909f56bfc062723c751e8b465ee728b)
Start importing Assets/prefabs/Sphere.prefab using Guid(fff035c6eb5d69849810cd4c8c8932c2) Importer(815301076,1909f56bfc062723c751e8b465ee728b)  -> (artifact id: 'ba03c83755be01213f5768be2f1deba9') in 0.017999 seconds 
  Import took 0.020184 seconds .

========================================================================
Received Import Request.
  Time since last request: 0.000136 seconds.
  path: Assets/Materials/New Material 2.mat
  artifactKey: Guid(f945f02406cc2114cbbf8390e62f3a6a) Importer(815301076,1909f56bfc062723c751e8b465ee728b)
Start importing Assets/Materials/New Material 2.mat using Guid(f945f02406cc2114cbbf8390e62f3a6a) Importer(815301076,1909f56bfc062723c751e8b465ee728b)  -> (artifact id: '149177a8f7722660bff0c7bbe5ef75b0') in 0.011167 seconds 
  Import took 0.013146 seconds .

========================================================================
Received Import Request.
  Time since last request: 0.000152 seconds.
  path: Assets/prefabs/Capsule.prefab
  artifactKey: Guid(ab79eea12dc9f28449dbe58857ffb9f5) Importer(815301076,1909f56bfc062723c751e8b465ee728b)
Start importing Assets/prefabs/Capsule.prefab using Guid(ab79eea12dc9f28449dbe58857ffb9f5) Importer(815301076,1909f56bfc062723c751e8b465ee728b)  -> (artifact id: '8bc7e4c943a3a1fc6709bca1c7ce20a1') in 0.014089 seconds 
  Import took 0.016253 seconds .

========================================================================
Received Import Request.
  Time since last request: 0.000151 seconds.
  path: Assets/prefabs/Cube.prefab
  artifactKey: Guid(0603fb32de1c23740bb53d2f8651a674) Importer(815301076,1909f56bfc062723c751e8b465ee728b)
Start importing Assets/prefabs/Cube.prefab using Guid(0603fb32de1c23740bb53d2f8651a674) Importer(815301076,1909f56bfc062723c751e8b465ee728b)  -> (artifact id: 'c553fc711727c03d0cac4021610e199f') in 0.012350 seconds 
  Import took 0.014489 seconds .

========================================================================
Received Import Request.
  Time since last request: 0.000151 seconds.
  path: Assets/Materials/New Material.mat
  artifactKey: Guid(1c58f927b3a98a140bced684996c8190) Importer(815301076,1909f56bfc062723c751e8b465ee728b)
Start importing Assets/Materials/New Material.mat using Guid(1c58f927b3a98a140bced684996c8190) Importer(815301076,1909f56bfc062723c751e8b465ee728b)  -> (artifact id: '7edf9148a83be52b11e956a03eadae87') in 0.013357 seconds 
  Import took 0.015492 seconds .

AssetImportWorkerClient::OnTransportError - code=2 error=End of file
