Using pre-set license
Built from '2020.3/release' branch; Version is '2020.3.27f1 (e759542391ea) revision 15161684'; Using compiler version '192528614'; Build Type 'Release'
OS: 'Windows 10  (10.0.19044) 64bit Professional' Language: 'en' Physical Memory: 16276 MB
BatchMode: 1, IsHumanControllingUs: 0, StartBugReporterOnCrash: 0, Is64bit: 1, IsPro: 0

COMMAND LINE ARGUMENTS:
C:\Users\Korey\Documents\Editor\Unity.exe
-adb2
-batchMode
-noUpm
-name
AssetImportWorker0
-projectPath
C:/Users/Korey/Documents/Unity-Project-2/Asteroid Recreation - Brief 3
-logFile
Logs/AssetImportWorker0.log
-srvPort
52244
Successfully changed project path to: C:/Users/Korey/Documents/Unity-Project-2/Asteroid Recreation - Brief 3
C:/Users/Korey/Documents/Unity-Project-2/Asteroid Recreation - Brief 3
Using Asset Import Pipeline V2.
Refreshing native plugins compatible for Editor in 28.20 ms, found 2 plugins.
Preloading 0 native plugins for Editor in 0.00 ms.
Initialize engine version: 2020.3.27f1 (e759542391ea)
[Subsystems] Discovering subsystems at path C:/Users/Korey/Documents/Editor/Data/Resources/UnitySubsystems
[Subsystems] Discovering subsystems at path C:/Users/Korey/Documents/Unity-Project-2/Asteroid Recreation - Brief 3/Assets
GfxDevice: creating device client; threaded=0
Direct3D:
    Version:  Direct3D 11.0 [level 11.1]
    Renderer: NVIDIA GeForce RTX 2060 SUPER (ID=0x1f06)
    Vendor:   
    VRAM:     8031 MB
    Driver:   30.0.15.1165
Initialize mono
Mono path[0] = 'C:/Users/Korey/Documents/Editor/Data/Managed'
Mono path[1] = 'C:/Users/Korey/Documents/Editor/Data/MonoBleedingEdge/lib/mono/unityjit'
Mono config path = 'C:/Users/Korey/Documents/Editor/Data/MonoBleedingEdge/etc'
Using monoOptions --debugger-agent=transport=dt_socket,embedding=1,server=y,suspend=n,address=127.0.0.1:56004
Begin MonoManager ReloadAssembly
Registering precompiled unity dll's ...
Register platform support module: C:/Users/Korey/Documents/Editor/Data/PlaybackEngines/WindowsStandaloneSupport/UnityEditor.WindowsStandalone.Extensions.dll
Registered in 0.001814 seconds.
Native extension for WindowsStandalone target not found
Refreshing native plugins compatible for Editor in 22.21 ms, found 2 plugins.
Preloading 0 native plugins for Editor in 0.00 ms.
Mono: successfully reloaded assembly
- Completed reload, in  0.415 seconds
Domain Reload Profiling:
	ReloadAssembly (415ms)
		BeginReloadAssembly (50ms)
			ExecutionOrderSort (0ms)
			DisableScriptedObjects (0ms)
			BackupInstance (0ms)
			ReleaseScriptingObjects (0ms)
			CreateAndSetChildDomain (1ms)
		EndReloadAssembly (311ms)
			LoadAssemblies (48ms)
			RebuildTransferFunctionScriptingTraits (0ms)
			SetupTypeCache (98ms)
			ReleaseScriptCaches (0ms)
			RebuildScriptCaches (20ms)
			SetupLoadedEditorAssemblies (117ms)
				LogAssemblyErrors (0ms)
				InitializePlatformSupportModulesInManaged (4ms)
				SetLoadedEditorAssemblies (0ms)
				RefreshPlugins (22ms)
				BeforeProcessingInitializeOnLoad (6ms)
				ProcessInitializeOnLoadAttributes (62ms)
				ProcessInitializeOnLoadMethodAttributes (22ms)
				AfterProcessingInitializeOnLoad (0ms)
				EditorAssembliesLoaded (0ms)
			ExecutionOrderSort2 (0ms)
			AwakeInstancesAfterBackupRestoration (0ms)
Platform modules already initialized, skipping
Registering precompiled user dll's ...
Registered in 0.004230 seconds.
Begin MonoManager ReloadAssembly
Native extension for WindowsStandalone target not found
Refreshing native plugins compatible for Editor in 0.38 ms, found 2 plugins.
Preloading 0 native plugins for Editor in 0.00 ms.
Mono: successfully reloaded assembly
- Completed reload, in  0.706 seconds
Domain Reload Profiling:
	ReloadAssembly (706ms)
		BeginReloadAssembly (111ms)
			ExecutionOrderSort (0ms)
			DisableScriptedObjects (4ms)
			BackupInstance (0ms)
			ReleaseScriptingObjects (0ms)
			CreateAndSetChildDomain (17ms)
		EndReloadAssembly (549ms)
			LoadAssemblies (69ms)
			RebuildTransferFunctionScriptingTraits (0ms)
			SetupTypeCache (184ms)
			ReleaseScriptCaches (0ms)
			RebuildScriptCaches (27ms)
			SetupLoadedEditorAssemblies (216ms)
				LogAssemblyErrors (0ms)
				InitializePlatformSupportModulesInManaged (4ms)
				SetLoadedEditorAssemblies (0ms)
				RefreshPlugins (0ms)
				BeforeProcessingInitializeOnLoad (43ms)
				ProcessInitializeOnLoadAttributes (155ms)
				ProcessInitializeOnLoadMethodAttributes (7ms)
				AfterProcessingInitializeOnLoad (6ms)
				EditorAssembliesLoaded (0ms)
			ExecutionOrderSort2 (0ms)
			AwakeInstancesAfterBackupRestoration (5ms)
Platform modules already initialized, skipping
========================================================================
Worker process is ready to serve import requests
Launched and connected shader compiler UnityShaderCompiler.exe after 0.04 seconds
Refreshing native plugins compatible for Editor in 0.37 ms, found 2 plugins.
Preloading 0 native plugins for Editor in 0.00 ms.
Unloading 1508 Unused Serialized files (Serialized files now loaded: 0)
System memory in use before: 67.6 MB.
System memory in use after: 67.7 MB.

Unloading 19 unused Assets to reduce memory usage. Loaded Objects now: 1940.
Total: 2.620500 ms (FindLiveObjects: 0.147900 ms CreateObjectMapping: 0.058400 ms MarkObjects: 2.357300 ms  DeleteObjects: 0.056100 ms)

AssetImportParameters requested are different than current active one (requested -> active):
  custom:framework-win-MediaFoundation: 216162199b28c13a410421893ffa2e32 -> 
  custom:video-decoder-ogg-theora: a1e56fd34408186e4bbccfd4996cb3dc -> 
  custom:container-muxer-webm: aa71ff27fc2769a1b78a27578f13a17b -> 
  custom:container-demuxer-webm: 4f35f7cbe854078d1ac9338744f61a02 -> 
  custom:container-demuxer-ogg: 62fdf1f143b41e24485cea50d1cbac27 -> 
  custom:video-encoder-webm-vp8: eb34c28f22e8b96e1ab97ce403110664 -> 
  custom:video-decoder-webm-vp8: 9c59270c3fd7afecdb556c50c9e8de78 -> 
  custom:audio-decoder-ogg-vorbis: bf7c407c2cedff20999df2af8eb42d56 -> 
  custom:audio-encoder-webm-vorbis: bf7c407c2cedff20999df2af8eb42d56 -> 
========================================================================
Received Import Request.
  path: Assets/Scripts/Rocket.cs
  artifactKey: Guid(fd02c73e23e153c4bb00f1967ccc3491) Importer(815301076,1909f56bfc062723c751e8b465ee728b)
Start importing Assets/Scripts/Rocket.cs using Guid(fd02c73e23e153c4bb00f1967ccc3491) Importer(815301076,1909f56bfc062723c751e8b465ee728b)  -> (artifact id: 'be05f8ee809c07c8cc51a88f7c8b4c17') in 0.022408 seconds 
  Import took 0.024598 seconds .

========================================================================
Received Import Request.
  Time since last request: 75.413166 seconds.
  path: Assets/Scripts/Rocket.cs
  artifactKey: Guid(fd02c73e23e153c4bb00f1967ccc3491) Importer(815301076,1909f56bfc062723c751e8b465ee728b)
Start importing Assets/Scripts/Rocket.cs using Guid(fd02c73e23e153c4bb00f1967ccc3491) Importer(815301076,1909f56bfc062723c751e8b465ee728b)  -> (artifact id: 'f0d4c70bee933779a66912898cebd6a2') in 0.002807 seconds 
  Import took 0.005073 seconds .

========================================================================
Received Import Request.
  Time since last request: 1640.664336 seconds.
  path: Assets/Scripts/ExplosionControl.cs
  artifactKey: Guid(e70752c81784a43459f249a4b7256602) Importer(815301076,1909f56bfc062723c751e8b465ee728b)
Start importing Assets/Scripts/ExplosionControl.cs using Guid(e70752c81784a43459f249a4b7256602) Importer(815301076,1909f56bfc062723c751e8b465ee728b)  -> (artifact id: '1a1701020da0b89e1bc285b41ca9422a') in 0.007138 seconds 
  Import took 0.009857 seconds .

========================================================================
Received Import Request.
  Time since last request: 7.042658 seconds.
  path: Assets/Scripts/EventManager.cs
  artifactKey: Guid(e78f35be85d234644b216cf29e59f2d6) Importer(815301076,1909f56bfc062723c751e8b465ee728b)
Start importing Assets/Scripts/EventManager.cs using Guid(e78f35be85d234644b216cf29e59f2d6) Importer(815301076,1909f56bfc062723c751e8b465ee728b)  -> (artifact id: 'c571c42e872b18563425bf2c5b93a34d') in 0.006778 seconds 
  Import took 0.009113 seconds .

========================================================================
Received Import Request.
  Time since last request: 1848.733001 seconds.
  path: Assets/Scripts/EventManager.cs
  artifactKey: Guid(e78f35be85d234644b216cf29e59f2d6) Importer(815301076,1909f56bfc062723c751e8b465ee728b)
Start importing Assets/Scripts/EventManager.cs using Guid(e78f35be85d234644b216cf29e59f2d6) Importer(815301076,1909f56bfc062723c751e8b465ee728b)  -> (artifact id: '9f57cd68fff658d7f1bf16dbb3bc7199') in 0.002874 seconds 
  Import took 0.005230 seconds .

========================================================================
Received Import Request.
  Time since last request: 2413.685350 seconds.
  path: Assets/Scripts/Asteroid.cs
  artifactKey: Guid(9bbf1df29ebfa6c44883efdb2f917940) Importer(815301076,1909f56bfc062723c751e8b465ee728b)
Start importing Assets/Scripts/Asteroid.cs using Guid(9bbf1df29ebfa6c44883efdb2f917940) Importer(815301076,1909f56bfc062723c751e8b465ee728b)  -> (artifact id: 'b3f95b5a8d49ebf231f13a5a48b60649') in 0.007431 seconds 
  Import took 0.010180 seconds .

========================================================================
Received Import Request.
  Time since last request: 73.707606 seconds.
  path: Assets/Scripts/Asteroid.cs
  artifactKey: Guid(9bbf1df29ebfa6c44883efdb2f917940) Importer(815301076,1909f56bfc062723c751e8b465ee728b)
Start importing Assets/Scripts/Asteroid.cs using Guid(9bbf1df29ebfa6c44883efdb2f917940) Importer(815301076,1909f56bfc062723c751e8b465ee728b)  -> (artifact id: 'efe398fd925c00282b84ab8a567e7a09') in 0.003323 seconds 
  Import took 0.005457 seconds .

========================================================================
Received Import Request.
  Time since last request: 16.084281 seconds.
  path: Assets/Scripts/Asteroid.cs
  artifactKey: Guid(9bbf1df29ebfa6c44883efdb2f917940) Importer(815301076,1909f56bfc062723c751e8b465ee728b)
Start importing Assets/Scripts/Asteroid.cs using Guid(9bbf1df29ebfa6c44883efdb2f917940) Importer(815301076,1909f56bfc062723c751e8b465ee728b)  -> (artifact id: '4ec80a90b42d768c820876e656c9ba6e') in 0.003170 seconds 
  Import took 0.005411 seconds .

========================================================================
Received Import Request.
  Time since last request: 21.012814 seconds.
  path: Assets/Scripts/Asteroid.cs
  artifactKey: Guid(9bbf1df29ebfa6c44883efdb2f917940) Importer(815301076,1909f56bfc062723c751e8b465ee728b)
Start importing Assets/Scripts/Asteroid.cs using Guid(9bbf1df29ebfa6c44883efdb2f917940) Importer(815301076,1909f56bfc062723c751e8b465ee728b)  -> (artifact id: 'b6e612814ab19f902d7aa8cec811445d') in 0.003155 seconds 
  Import took 0.005410 seconds .

AssetImportWorkerClient::OnTransportError - code=2 error=End of file
