Using pre-set license
Built from '2020.3/release' branch; Version is '2020.3.27f1 (e759542391ea) revision 15161684'; Using compiler version '192528614'; Build Type 'Release'
OS: 'Windows 10  (10.0.19044) 64bit Professional' Language: 'en' Physical Memory: 16276 MB
BatchMode: 1, IsHumanControllingUs: 0, StartBugReporterOnCrash: 0, Is64bit: 1, IsPro: 0

COMMAND LINE ARGUMENTS:
C:\Users\Korey\Documents\Editor\Unity.exe
-adb2
-batchMode
-noUpm
-name
AssetImportWorker0
-projectPath
C:/Users/Korey/Documents/Unity-Project-2/Asteroid Recreation - Brief 3
-logFile
Logs/AssetImportWorker0.log
-srvPort
59793
Successfully changed project path to: C:/Users/Korey/Documents/Unity-Project-2/Asteroid Recreation - Brief 3
C:/Users/Korey/Documents/Unity-Project-2/Asteroid Recreation - Brief 3
Using Asset Import Pipeline V2.
Refreshing native plugins compatible for Editor in 23.25 ms, found 2 plugins.
Preloading 0 native plugins for Editor in 0.00 ms.
Initialize engine version: 2020.3.27f1 (e759542391ea)
[Subsystems] Discovering subsystems at path C:/Users/Korey/Documents/Editor/Data/Resources/UnitySubsystems
[Subsystems] Discovering subsystems at path C:/Users/Korey/Documents/Unity-Project-2/Asteroid Recreation - Brief 3/Assets
GfxDevice: creating device client; threaded=0
Direct3D:
    Version:  Direct3D 11.0 [level 11.1]
    Renderer: NVIDIA GeForce RTX 2060 SUPER (ID=0x1f06)
    Vendor:   
    VRAM:     8031 MB
    Driver:   30.0.15.1165
Initialize mono
Mono path[0] = 'C:/Users/Korey/Documents/Editor/Data/Managed'
Mono path[1] = 'C:/Users/Korey/Documents/Editor/Data/MonoBleedingEdge/lib/mono/unityjit'
Mono config path = 'C:/Users/Korey/Documents/Editor/Data/MonoBleedingEdge/etc'
Using monoOptions --debugger-agent=transport=dt_socket,embedding=1,server=y,suspend=n,address=127.0.0.1:56104
Begin MonoManager ReloadAssembly
Registering precompiled unity dll's ...
Register platform support module: C:/Users/Korey/Documents/Editor/Data/PlaybackEngines/WindowsStandaloneSupport/UnityEditor.WindowsStandalone.Extensions.dll
Registered in 0.001687 seconds.
Native extension for WindowsStandalone target not found
Refreshing native plugins compatible for Editor in 22.03 ms, found 2 plugins.
Preloading 0 native plugins for Editor in 0.00 ms.
Mono: successfully reloaded assembly
- Completed reload, in  0.408 seconds
Domain Reload Profiling:
	ReloadAssembly (408ms)
		BeginReloadAssembly (48ms)
			ExecutionOrderSort (0ms)
			DisableScriptedObjects (0ms)
			BackupInstance (0ms)
			ReleaseScriptingObjects (0ms)
			CreateAndSetChildDomain (1ms)
		EndReloadAssembly (307ms)
			LoadAssemblies (46ms)
			RebuildTransferFunctionScriptingTraits (0ms)
			SetupTypeCache (97ms)
			ReleaseScriptCaches (0ms)
			RebuildScriptCaches (20ms)
			SetupLoadedEditorAssemblies (115ms)
				LogAssemblyErrors (0ms)
				InitializePlatformSupportModulesInManaged (3ms)
				SetLoadedEditorAssemblies (0ms)
				RefreshPlugins (22ms)
				BeforeProcessingInitializeOnLoad (6ms)
				ProcessInitializeOnLoadAttributes (62ms)
				ProcessInitializeOnLoadMethodAttributes (21ms)
				AfterProcessingInitializeOnLoad (0ms)
				EditorAssembliesLoaded (0ms)
			ExecutionOrderSort2 (0ms)
			AwakeInstancesAfterBackupRestoration (0ms)
Platform modules already initialized, skipping
Registering precompiled user dll's ...
Registered in 0.003693 seconds.
Begin MonoManager ReloadAssembly
Native extension for WindowsStandalone target not found
Refreshing native plugins compatible for Editor in 0.38 ms, found 2 plugins.
Preloading 0 native plugins for Editor in 0.00 ms.
Mono: successfully reloaded assembly
- Completed reload, in  0.696 seconds
Domain Reload Profiling:
	ReloadAssembly (697ms)
		BeginReloadAssembly (107ms)
			ExecutionOrderSort (0ms)
			DisableScriptedObjects (4ms)
			BackupInstance (0ms)
			ReleaseScriptingObjects (0ms)
			CreateAndSetChildDomain (17ms)
		EndReloadAssembly (544ms)
			LoadAssemblies (69ms)
			RebuildTransferFunctionScriptingTraits (0ms)
			SetupTypeCache (181ms)
			ReleaseScriptCaches (0ms)
			RebuildScriptCaches (26ms)
			SetupLoadedEditorAssemblies (214ms)
				LogAssemblyErrors (0ms)
				InitializePlatformSupportModulesInManaged (3ms)
				SetLoadedEditorAssemblies (0ms)
				RefreshPlugins (0ms)
				BeforeProcessingInitializeOnLoad (43ms)
				ProcessInitializeOnLoadAttributes (154ms)
				ProcessInitializeOnLoadMethodAttributes (8ms)
				AfterProcessingInitializeOnLoad (6ms)
				EditorAssembliesLoaded (0ms)
			ExecutionOrderSort2 (0ms)
			AwakeInstancesAfterBackupRestoration (6ms)
Platform modules already initialized, skipping
========================================================================
Worker process is ready to serve import requests
Launched and connected shader compiler UnityShaderCompiler.exe after 0.04 seconds
Refreshing native plugins compatible for Editor in 0.37 ms, found 2 plugins.
Preloading 0 native plugins for Editor in 0.00 ms.
Unloading 1503 Unused Serialized files (Serialized files now loaded: 0)
System memory in use before: 67.5 MB.
System memory in use after: 67.5 MB.

Unloading 19 unused Assets to reduce memory usage. Loaded Objects now: 1935.
Total: 2.758700 ms (FindLiveObjects: 0.130700 ms CreateObjectMapping: 0.035300 ms MarkObjects: 2.530700 ms  DeleteObjects: 0.061100 ms)

AssetImportParameters requested are different than current active one (requested -> active):
  custom:framework-win-MediaFoundation: 216162199b28c13a410421893ffa2e32 -> 
  custom:video-decoder-ogg-theora: a1e56fd34408186e4bbccfd4996cb3dc -> 
  custom:container-muxer-webm: aa71ff27fc2769a1b78a27578f13a17b -> 
  custom:container-demuxer-webm: 4f35f7cbe854078d1ac9338744f61a02 -> 
  custom:container-demuxer-ogg: 62fdf1f143b41e24485cea50d1cbac27 -> 
  custom:video-encoder-webm-vp8: eb34c28f22e8b96e1ab97ce403110664 -> 
  custom:video-decoder-webm-vp8: 9c59270c3fd7afecdb556c50c9e8de78 -> 
  custom:audio-decoder-ogg-vorbis: bf7c407c2cedff20999df2af8eb42d56 -> 
  custom:audio-encoder-webm-vorbis: bf7c407c2cedff20999df2af8eb42d56 -> 
========================================================================
Received Import Request.
  path: Assets
  artifactKey: Guid(00000000000000001000000000000000) Importer(815301076,1909f56bfc062723c751e8b465ee728b)
Start importing Assets using Guid(00000000000000001000000000000000) Importer(815301076,1909f56bfc062723c751e8b465ee728b)  -> (artifact id: '42d402b061de3733987d63b9cc3b64de') in 0.007781 seconds 
  Import took 0.009812 seconds .

========================================================================
Received Import Request.
  Time since last request: 17.041365 seconds.
  path: Assets/Asteroid.cs
  artifactKey: Guid(9bbf1df29ebfa6c44883efdb2f917940) Importer(815301076,1909f56bfc062723c751e8b465ee728b)
Start importing Assets/Asteroid.cs using Guid(9bbf1df29ebfa6c44883efdb2f917940) Importer(815301076,1909f56bfc062723c751e8b465ee728b)  -> (artifact id: 'b48e62c90fd44abafcba00dcf594a2a7') in 0.047291 seconds 
  Import took 0.049426 seconds .

========================================================================
Received Prepare
Registering precompiled user dll's ...
Registered in 0.003434 seconds.
Begin MonoManager ReloadAssembly
Native extension for WindowsStandalone target not found
Refreshing native plugins compatible for Editor in 0.39 ms, found 2 plugins.
Preloading 0 native plugins for Editor in 0.00 ms.
Mono: successfully reloaded assembly
- Completed reload, in  0.666 seconds
Domain Reload Profiling:
	ReloadAssembly (666ms)
		BeginReloadAssembly (94ms)
			ExecutionOrderSort (0ms)
			DisableScriptedObjects (3ms)
			BackupInstance (0ms)
			ReleaseScriptingObjects (0ms)
			CreateAndSetChildDomain (28ms)
		EndReloadAssembly (528ms)
			LoadAssemblies (68ms)
			RebuildTransferFunctionScriptingTraits (0ms)
			SetupTypeCache (184ms)
			ReleaseScriptCaches (1ms)
			RebuildScriptCaches (25ms)
			SetupLoadedEditorAssemblies (197ms)
				LogAssemblyErrors (0ms)
				InitializePlatformSupportModulesInManaged (3ms)
				SetLoadedEditorAssemblies (0ms)
				RefreshPlugins (0ms)
				BeforeProcessingInitializeOnLoad (38ms)
				ProcessInitializeOnLoadAttributes (143ms)
				ProcessInitializeOnLoadMethodAttributes (7ms)
				AfterProcessingInitializeOnLoad (5ms)
				EditorAssembliesLoaded (0ms)
			ExecutionOrderSort2 (0ms)
			AwakeInstancesAfterBackupRestoration (5ms)
Platform modules already initialized, skipping
Refreshing native plugins compatible for Editor in 0.36 ms, found 2 plugins.
Preloading 0 native plugins for Editor in 0.00 ms.
Unloading 1498 Unused Serialized files (Serialized files now loaded: 0)
System memory in use before: 67.4 MB.
System memory in use after: 67.5 MB.

Unloading 14 unused Assets to reduce memory usage. Loaded Objects now: 1938.
Total: 2.178400 ms (FindLiveObjects: 0.126300 ms CreateObjectMapping: 0.029600 ms MarkObjects: 2.007300 ms  DeleteObjects: 0.014200 ms)

AssetImportParameters requested are different than current active one (requested -> active):
  custom:framework-win-MediaFoundation: 216162199b28c13a410421893ffa2e32 -> 
  custom:video-decoder-ogg-theora: a1e56fd34408186e4bbccfd4996cb3dc -> 
  custom:container-muxer-webm: aa71ff27fc2769a1b78a27578f13a17b -> 
  custom:container-demuxer-webm: 4f35f7cbe854078d1ac9338744f61a02 -> 
  custom:container-demuxer-ogg: 62fdf1f143b41e24485cea50d1cbac27 -> 
  custom:video-encoder-webm-vp8: eb34c28f22e8b96e1ab97ce403110664 -> 
  custom:video-decoder-webm-vp8: 9c59270c3fd7afecdb556c50c9e8de78 -> 
  custom:audio-decoder-ogg-vorbis: bf7c407c2cedff20999df2af8eb42d56 -> 
  custom:audio-encoder-webm-vorbis: bf7c407c2cedff20999df2af8eb42d56 -> 
========================================================================
Received Import Request.
  Time since last request: 2667.218052 seconds.
  path: Assets/Asteroid.cs
  artifactKey: Guid(9bbf1df29ebfa6c44883efdb2f917940) Importer(815301076,1909f56bfc062723c751e8b465ee728b)
Start importing Assets/Asteroid.cs using Guid(9bbf1df29ebfa6c44883efdb2f917940) Importer(815301076,1909f56bfc062723c751e8b465ee728b)  -> (artifact id: 'db918d274a5f5140db249a42dda597a4') in 0.006074 seconds 
  Import took 0.009113 seconds .

========================================================================
Received Import Request.
  Time since last request: 403.632464 seconds.
  path: Assets/Asteroid.cs
  artifactKey: Guid(9bbf1df29ebfa6c44883efdb2f917940) Importer(815301076,1909f56bfc062723c751e8b465ee728b)
Start importing Assets/Asteroid.cs using Guid(9bbf1df29ebfa6c44883efdb2f917940) Importer(815301076,1909f56bfc062723c751e8b465ee728b)  -> (artifact id: 'a228a77a672f11d763b0e26fbf66266c') in 0.002741 seconds 
  Import took 0.005069 seconds .

========================================================================
Received Import Request.
  Time since last request: 39.367979 seconds.
  path: Assets/Asteroid.cs
  artifactKey: Guid(9bbf1df29ebfa6c44883efdb2f917940) Importer(815301076,1909f56bfc062723c751e8b465ee728b)
Start importing Assets/Asteroid.cs using Guid(9bbf1df29ebfa6c44883efdb2f917940) Importer(815301076,1909f56bfc062723c751e8b465ee728b)  -> (artifact id: 'fd47e913ac707ae8541b868f591e0569') in 0.003632 seconds 
  Import took 0.005927 seconds .

========================================================================
Received Import Request.
  Time since last request: 24.184428 seconds.
  path: Assets/Asteroid.cs
  artifactKey: Guid(9bbf1df29ebfa6c44883efdb2f917940) Importer(815301076,1909f56bfc062723c751e8b465ee728b)
Start importing Assets/Asteroid.cs using Guid(9bbf1df29ebfa6c44883efdb2f917940) Importer(815301076,1909f56bfc062723c751e8b465ee728b)  -> (artifact id: '1477423f1919fa779dcd1fbd7e79614e') in 0.003382 seconds 
  Import took 0.005888 seconds .

========================================================================
Received Import Request.
  Time since last request: 335.116119 seconds.
  path: Assets/Asteroid.cs
  artifactKey: Guid(9bbf1df29ebfa6c44883efdb2f917940) Importer(815301076,1909f56bfc062723c751e8b465ee728b)
Start importing Assets/Asteroid.cs using Guid(9bbf1df29ebfa6c44883efdb2f917940) Importer(815301076,1909f56bfc062723c751e8b465ee728b)  -> (artifact id: '50fad4faee55da12b5cb3c9a872e74fb') in 0.002384 seconds 
  Import took 0.004956 seconds .

========================================================================
Received Import Request.
  Time since last request: 253.354005 seconds.
  path: Assets/Asteroid.cs
  artifactKey: Guid(9bbf1df29ebfa6c44883efdb2f917940) Importer(815301076,1909f56bfc062723c751e8b465ee728b)
Start importing Assets/Asteroid.cs using Guid(9bbf1df29ebfa6c44883efdb2f917940) Importer(815301076,1909f56bfc062723c751e8b465ee728b)  -> (artifact id: '68cf7ea3b841f81dff6dc8242dcf929e') in 0.002727 seconds 
  Import took 0.005330 seconds .

========================================================================
Received Import Request.
  Time since last request: 2263.164677 seconds.
  path: Assets/Asteroid.cs
  artifactKey: Guid(9bbf1df29ebfa6c44883efdb2f917940) Importer(815301076,1909f56bfc062723c751e8b465ee728b)
Start importing Assets/Asteroid.cs using Guid(9bbf1df29ebfa6c44883efdb2f917940) Importer(815301076,1909f56bfc062723c751e8b465ee728b)  -> (artifact id: '20863fbfa5a65766e16a1652e7901405') in 0.002497 seconds 
  Import took 0.004951 seconds .

========================================================================
Received Import Request.
  Time since last request: 584.318575 seconds.
  path: Assets/Asteroid.cs
  artifactKey: Guid(9bbf1df29ebfa6c44883efdb2f917940) Importer(815301076,1909f56bfc062723c751e8b465ee728b)
Start importing Assets/Asteroid.cs using Guid(9bbf1df29ebfa6c44883efdb2f917940) Importer(815301076,1909f56bfc062723c751e8b465ee728b)  -> (artifact id: 'd8c98ad59f989f5c0a750a61beafa86a') in 0.002893 seconds 
  Import took 0.005403 seconds .

========================================================================
Received Import Request.
  Time since last request: 556.031804 seconds.
  path: Assets/Asteroid.cs
  artifactKey: Guid(9bbf1df29ebfa6c44883efdb2f917940) Importer(815301076,1909f56bfc062723c751e8b465ee728b)
Start importing Assets/Asteroid.cs using Guid(9bbf1df29ebfa6c44883efdb2f917940) Importer(815301076,1909f56bfc062723c751e8b465ee728b)  -> (artifact id: 'd93dc5057c8ced6a74941fe42e7fa254') in 0.002193 seconds 
  Import took 0.004601 seconds .

AssetImportWorkerClient::OnTransportError - code=2 error=End of file
